<?xml version="1.0" encoding="UTF-8"?>
<!-- Generated by org.testng.reporters.JUnitXMLReporter -->
<testsuite hostname="DADS-PC" name="Test" tests="1" failures="0" timestamp="6 Dec 2016 21:35:53 GMT" time="59.403" errors="0">
  <testcase name="@BeforeTest beforeTest" time="0.0" classname="example.NewTest">
    <failure type="org.openqa.selenium.WebDriverException" message="Failed to connect to binary FirefoxBinary(C:\Program Files (x86)\Mozilla Firefox\firefox.exe) on port 7055; process output follows: 
res\\e10srollout@mozilla.org.xpi&amp;quot;,&amp;quot;e&amp;quot;:true,&amp;quot;v&amp;quot;:&amp;quot;1.5&amp;quot;,&amp;quot;st&amp;quot;:1480685366986},&amp;quot;firefox@getpocket.com&amp;quot;:{&amp;quot;d&amp;quot;:&amp;quot;C:\\Program Files (x86)\\Mozilla Firefox\\browser\\features\\firefox@getpocket.com.xpi&amp;quot;,&amp;quot;e&amp;quot;:true,&amp;quot;v&amp;quot;:&amp;quot;1.0.5&amp;quot;,&amp;quot;st&amp;quot;:1480685366983},&amp;quot;webcompat@mozilla.org&amp;quot;:{&amp;quot;d&amp;quot;:&amp;quot;C:\\Program Files (x86)\\Mozilla Firefox\\browser\\features\\webcompat@mozilla.org.xpi&amp;quot;,&amp;quot;e&amp;quot;:true,&amp;quot;v&amp;quot;:&amp;quot;1.0&amp;quot;,&amp;quot;st&amp;quot;:1480685366973}},&amp;quot;app-global&amp;quot;:{&amp;quot;{972ce4c6-7e08-4474-a285-3208198ce6fd}&amp;quot;:{&amp;quot;d&amp;quot;:&amp;quot;C:\\Program Files (x86)\\Mozilla Firefox\\browser\\extensions\\{972ce4c6-7e08-4474-a285-3208198ce6fd}.xpi&amp;quot;,&amp;quot;e&amp;quot;:true,&amp;quot;v&amp;quot;:&amp;quot;50.0.2&amp;quot;,&amp;quot;st&amp;quot;:1480685366992}}}
1481060104215	addons.xpi	DEBUG	No changes found
1481060104226	addons.xpi	DEBUG	Registering manifest for C:\Program Files (x86)\Mozilla Firefox\browser\features\aushelper@mozilla.org.xpi
1481060104227	addons.xpi	DEBUG	Loading bootstrap scope from C:\Program Files (x86)\Mozilla Firefox\browser\features\aushelper@mozilla.org.xpi
1481060104234	addons.xpi	DEBUG	Calling bootstrap method startup on aushelper@mozilla.org version 1.0
1481060104236	addons.xpi	DEBUG	Registering manifest for C:\Program Files (x86)\Mozilla Firefox\browser\features\e10srollout@mozilla.org.xpi
1481060104237	addons.xpi	DEBUG	Loading bootstrap scope from C:\Program Files (x86)\Mozilla Firefox\browser\features\e10srollout@mozilla.org.xpi
1481060104251	addons.xpi	DEBUG	Calling bootstrap method startup on e10srollout@mozilla.org version 1.5
1481060104252	addons.xpi	DEBUG	Registering manifest for C:\Program Files (x86)\Mozilla Firefox\browser\features\firefox@getpocket.com.xpi
1481060104253	addons.xpi	DEBUG	Loading bootstrap scope from C:\Program Files (x86)\Mozilla Firefox\browser\features\firefox@getpocket.com.xpi
1481060104258	addons.xpi	DEBUG	Calling bootstrap method startup on firefox@getpocket.com version 1.0.5
1481060104270	addons.xpi-utils	DEBUG	Starting async load of XPI database C:\Users\DADS\AppData\Local\Temp\anonymous3772331951805123499webdriver-profile\extensions.json
1481060104271	addons.xpi	DEBUG	Registering manifest for C:\Program Files (x86)\Mozilla Firefox\browser\features\webcompat@mozilla.org.xpi
1481060104272	addons.xpi	DEBUG	Loading bootstrap scope from C:\Program Files (x86)\Mozilla Firefox\browser\features\webcompat@mozilla.org.xpi
1481060104275	addons.xpi	DEBUG	Calling bootstrap method startup on webcompat@mozilla.org version 1.0
1481060104278	addons.manager	DEBUG	Registering shutdown blocker for XPIProvider
1481060104278	addons.manager	DEBUG	Provider finished startup: XPIProvider
1481060104279	addons.manager	DEBUG	Starting provider: LightweightThemeManager
1481060104279	addons.manager	DEBUG	Registering shutdown blocker for LightweightThemeManager
1481060104279	addons.manager	DEBUG	Provider finished startup: LightweightThemeManager
1481060104280	addons.manager	DEBUG	Starting provider: GMPProvider
1481060104293	addons.manager	DEBUG	Registering shutdown blocker for GMPProvider
1481060104293	addons.manager	DEBUG	Provider finished startup: GMPProvider
1481060104293	addons.manager	DEBUG	Starting provider: PluginProvider
1481060104294	addons.manager	DEBUG	Registering shutdown blocker for PluginProvider
1481060104294	addons.manager	DEBUG	Provider finished startup: PluginProvider
1481060104295	addons.manager	DEBUG	Completed startup sequence
1481060104893	addons.xpi-utils	DEBUG	Async JSON file read took 0 MS
1481060104893	addons.xpi-utils	DEBUG	Finished async read of XPI database, parsing...
1481060104896	addons.xpi-utils	DEBUG	Successfully read XPI database
1481060104914	addons.manager	DEBUG	Starting provider: &amp;lt;unnamed-provider&amp;gt;
1481060104914	addons.manager	DEBUG	Registering shutdown blocker for &amp;lt;unnamed-provider&amp;gt;
1481060104915	addons.manager	DEBUG	Provider finished startup: &amp;lt;unnamed-provider&amp;gt;
*** Blocklist::_loadBlocklistFromFile: blocklist is disabled
1481060105097	addons.manager	DEBUG	Starting provider: PreviousExperimentProvider
1481060105097	addons.manager	DEBUG	Registering shutdown blocker for PreviousExperimentProvider
1481060105097	addons.manager	DEBUG	Provider finished startup: PreviousExperimentProvider

Build info: version: &amp;apos;2.45.0&amp;apos;, revision: &amp;apos;5017cb8e7ca8e37638dc3091b2440b90a1d8686f&amp;apos;, time: &amp;apos;2015-02-27 09:10:26&amp;apos;
System info: host: &amp;apos;DADS-PC&amp;apos;, ip: &amp;apos;192.168.0.19&amp;apos;, os.name: &amp;apos;Windows 10&amp;apos;, os.arch: &amp;apos;amd64&amp;apos;, os.version: &amp;apos;10.0&amp;apos;, java.version: &amp;apos;1.8.0_111&amp;apos;
Driver info: driver.version: FirefoxDriver">
      <![CDATA[org.openqa.selenium.WebDriverException: Failed to connect to binary FirefoxBinary(C:\Program Files (x86)\Mozilla Firefox\firefox.exe) on port 7055; process output follows: 
res\\e10srollout@mozilla.org.xpi","e":true,"v":"1.5","st":1480685366986},"firefox@getpocket.com":{"d":"C:\\Program Files (x86)\\Mozilla Firefox\\browser\\features\\firefox@getpocket.com.xpi","e":true,"v":"1.0.5","st":1480685366983},"webcompat@mozilla.org":{"d":"C:\\Program Files (x86)\\Mozilla Firefox\\browser\\features\\webcompat@mozilla.org.xpi","e":true,"v":"1.0","st":1480685366973}},"app-global":{"{972ce4c6-7e08-4474-a285-3208198ce6fd}":{"d":"C:\\Program Files (x86)\\Mozilla Firefox\\browser\\extensions\\{972ce4c6-7e08-4474-a285-3208198ce6fd}.xpi","e":true,"v":"50.0.2","st":1480685366992}}}
1481060104215	addons.xpi	DEBUG	No changes found
1481060104226	addons.xpi	DEBUG	Registering manifest for C:\Program Files (x86)\Mozilla Firefox\browser\features\aushelper@mozilla.org.xpi
1481060104227	addons.xpi	DEBUG	Loading bootstrap scope from C:\Program Files (x86)\Mozilla Firefox\browser\features\aushelper@mozilla.org.xpi
1481060104234	addons.xpi	DEBUG	Calling bootstrap method startup on aushelper@mozilla.org version 1.0
1481060104236	addons.xpi	DEBUG	Registering manifest for C:\Program Files (x86)\Mozilla Firefox\browser\features\e10srollout@mozilla.org.xpi
1481060104237	addons.xpi	DEBUG	Loading bootstrap scope from C:\Program Files (x86)\Mozilla Firefox\browser\features\e10srollout@mozilla.org.xpi
1481060104251	addons.xpi	DEBUG	Calling bootstrap method startup on e10srollout@mozilla.org version 1.5
1481060104252	addons.xpi	DEBUG	Registering manifest for C:\Program Files (x86)\Mozilla Firefox\browser\features\firefox@getpocket.com.xpi
1481060104253	addons.xpi	DEBUG	Loading bootstrap scope from C:\Program Files (x86)\Mozilla Firefox\browser\features\firefox@getpocket.com.xpi
1481060104258	addons.xpi	DEBUG	Calling bootstrap method startup on firefox@getpocket.com version 1.0.5
1481060104270	addons.xpi-utils	DEBUG	Starting async load of XPI database C:\Users\DADS\AppData\Local\Temp\anonymous3772331951805123499webdriver-profile\extensions.json
1481060104271	addons.xpi	DEBUG	Registering manifest for C:\Program Files (x86)\Mozilla Firefox\browser\features\webcompat@mozilla.org.xpi
1481060104272	addons.xpi	DEBUG	Loading bootstrap scope from C:\Program Files (x86)\Mozilla Firefox\browser\features\webcompat@mozilla.org.xpi
1481060104275	addons.xpi	DEBUG	Calling bootstrap method startup on webcompat@mozilla.org version 1.0
1481060104278	addons.manager	DEBUG	Registering shutdown blocker for XPIProvider
1481060104278	addons.manager	DEBUG	Provider finished startup: XPIProvider
1481060104279	addons.manager	DEBUG	Starting provider: LightweightThemeManager
1481060104279	addons.manager	DEBUG	Registering shutdown blocker for LightweightThemeManager
1481060104279	addons.manager	DEBUG	Provider finished startup: LightweightThemeManager
1481060104280	addons.manager	DEBUG	Starting provider: GMPProvider
1481060104293	addons.manager	DEBUG	Registering shutdown blocker for GMPProvider
1481060104293	addons.manager	DEBUG	Provider finished startup: GMPProvider
1481060104293	addons.manager	DEBUG	Starting provider: PluginProvider
1481060104294	addons.manager	DEBUG	Registering shutdown blocker for PluginProvider
1481060104294	addons.manager	DEBUG	Provider finished startup: PluginProvider
1481060104295	addons.manager	DEBUG	Completed startup sequence
1481060104893	addons.xpi-utils	DEBUG	Async JSON file read took 0 MS
1481060104893	addons.xpi-utils	DEBUG	Finished async read of XPI database, parsing...
1481060104896	addons.xpi-utils	DEBUG	Successfully read XPI database
1481060104914	addons.manager	DEBUG	Starting provider: <unnamed-provider>
1481060104914	addons.manager	DEBUG	Registering shutdown blocker for <unnamed-provider>
1481060104915	addons.manager	DEBUG	Provider finished startup: <unnamed-provider>
*** Blocklist::_loadBlocklistFromFile: blocklist is disabled
1481060105097	addons.manager	DEBUG	Starting provider: PreviousExperimentProvider
1481060105097	addons.manager	DEBUG	Registering shutdown blocker for PreviousExperimentProvider
1481060105097	addons.manager	DEBUG	Provider finished startup: PreviousExperimentProvider

Build info: version: '2.45.0', revision: '5017cb8e7ca8e37638dc3091b2440b90a1d8686f', time: '2015-02-27 09:10:26'
System info: host: 'DADS-PC', ip: '192.168.0.19', os.name: 'Windows 10', os.arch: 'amd64', os.version: '10.0', java.version: '1.8.0_111'
Driver info: driver.version: FirefoxDriver
	at org.openqa.selenium.firefox.internal.NewProfileExtensionConnection.start(NewProfileExtensionConnection.java:130)
	at org.openqa.selenium.firefox.FirefoxDriver.startClient(FirefoxDriver.java:246)
	at org.openqa.selenium.remote.RemoteWebDriver.<init>(RemoteWebDriver.java:114)
	at org.openqa.selenium.firefox.FirefoxDriver.<init>(FirefoxDriver.java:191)
	at org.openqa.selenium.firefox.FirefoxDriver.<init>(FirefoxDriver.java:186)
	at org.openqa.selenium.firefox.FirefoxDriver.<init>(FirefoxDriver.java:182)
	at org.openqa.selenium.firefox.FirefoxDriver.<init>(FirefoxDriver.java:95)
	at example.NewTest.beforeTest(NewTest.java:20)
Caused by: org.openqa.selenium.firefox.NotConnectedException: Unable to connect to host 127.0.0.1 on port 7055 after 45000 ms. Firefox console output:
res\\e10srollout@mozilla.org.xpi","e":true,"v":"1.5","st":1480685366986},"firefox@getpocket.com":{"d":"C:\\Program Files (x86)\\Mozilla Firefox\\browser\\features\\firefox@getpocket.com.xpi","e":true,"v":"1.0.5","st":1480685366983},"webcompat@mozilla.org":{"d":"C:\\Program Files (x86)\\Mozilla Firefox\\browser\\features\\webcompat@mozilla.org.xpi","e":true,"v":"1.0","st":1480685366973}},"app-global":{"{972ce4c6-7e08-4474-a285-3208198ce6fd}":{"d":"C:\\Program Files (x86)\\Mozilla Firefox\\browser\\extensions\\{972ce4c6-7e08-4474-a285-3208198ce6fd}.xpi","e":true,"v":"50.0.2","st":1480685366992}}}
1481060104215	addons.xpi	DEBUG	No changes found
1481060104226	addons.xpi	DEBUG	Registering manifest for C:\Program Files (x86)\Mozilla Firefox\browser\features\aushelper@mozilla.org.xpi
1481060104227	addons.xpi	DEBUG	Loading bootstrap scope from C:\Program Files (x86)\Mozilla Firefox\browser\features\aushelper@mozilla.org.xpi
1481060104234	addons.xpi	DEBUG	Calling bootstrap method startup on aushelper@mozilla.org version 1.0
1481060104236	addons.xpi	DEBUG	Registering manifest for C:\Program Files (x86)\Mozilla Firefox\browser\features\e10srollout@mozilla.org.xpi
1481060104237	addons.xpi	DEBUG	Loading bootstrap scope from C:\Program Files (x86)\Mozilla Firefox\browser\features\e10srollout@mozilla.org.xpi
1481060104251	addons.xpi	DEBUG	Calling bootstrap method startup on e10srollout@mozilla.org version 1.5
1481060104252	addons.xpi	DEBUG	Registering manifest for C:\Program Files (x86)\Mozilla Firefox\browser\features\firefox@getpocket.com.xpi
1481060104253	addons.xpi	DEBUG	Loading bootstrap scope from C:\Program Files (x86)\Mozilla Firefox\browser\features\firefox@getpocket.com.xpi
1481060104258	addons.xpi	DEBUG	Calling bootstrap method startup on firefox@getpocket.com version 1.0.5
1481060104270	addons.xpi-utils	DEBUG	Starting async load of XPI database C:\Users\DADS\AppData\Local\Temp\anonymous3772331951805123499webdriver-profile\extensions.json
1481060104271	addons.xpi	DEBUG	Registering manifest for C:\Program Files (x86)\Mozilla Firefox\browser\features\webcompat@mozilla.org.xpi
1481060104272	addons.xpi	DEBUG	Loading bootstrap scope from C:\Program Files (x86)\Mozilla Firefox\browser\features\webcompat@mozilla.org.xpi
1481060104275	addons.xpi	DEBUG	Calling bootstrap method startup on webcompat@mozilla.org version 1.0
1481060104278	addons.manager	DEBUG	Registering shutdown blocker for XPIProvider
1481060104278	addons.manager	DEBUG	Provider finished startup: XPIProvider
1481060104279	addons.manager	DEBUG	Starting provider: LightweightThemeManager
1481060104279	addons.manager	DEBUG	Registering shutdown blocker for LightweightThemeManager
1481060104279	addons.manager	DEBUG	Provider finished startup: LightweightThemeManager
1481060104280	addons.manager	DEBUG	Starting provider: GMPProvider
1481060104293	addons.manager	DEBUG	Registering shutdown blocker for GMPProvider
1481060104293	addons.manager	DEBUG	Provider finished startup: GMPProvider
1481060104293	addons.manager	DEBUG	Starting provider: PluginProvider
1481060104294	addons.manager	DEBUG	Registering shutdown blocker for PluginProvider
1481060104294	addons.manager	DEBUG	Provider finished startup: PluginProvider
1481060104295	addons.manager	DEBUG	Completed startup sequence
1481060104893	addons.xpi-utils	DEBUG	Async JSON file read took 0 MS
1481060104893	addons.xpi-utils	DEBUG	Finished async read of XPI database, parsing...
1481060104896	addons.xpi-utils	DEBUG	Successfully read XPI database
1481060104914	addons.manager	DEBUG	Starting provider: <unnamed-provider>
1481060104914	addons.manager	DEBUG	Registering shutdown blocker for <unnamed-provider>
1481060104915	addons.manager	DEBUG	Provider finished startup: <unnamed-provider>
*** Blocklist::_loadBlocklistFromFile: blocklist is disabled
1481060105097	addons.manager	DEBUG	Starting provider: PreviousExperimentProvider
1481060105097	addons.manager	DEBUG	Registering shutdown blocker for PreviousExperimentProvider
1481060105097	addons.manager	DEBUG	Provider finished startup: PreviousExperimentProvider

	at org.openqa.selenium.firefox.internal.NewProfileExtensionConnection.start(NewProfileExtensionConnection.java:118)
	... 29 more
... Removed 22 stack frames]]>
    </failure>
  </testcase> <!-- @BeforeTest beforeTest -->
  <testcase name="@AfterTest afterTest" time="0.0" classname="example.NewTest">
    <skipped/>
  </testcase> <!-- @AfterTest afterTest -->
  <testcase name="testEasy" time="0.08" classname="example.NewTest">
    <skipped/>
  </testcase> <!-- testEasy -->
</testsuite> <!-- Test -->
